
2020-09-02T04:07:58.928Z [server]  Uncaught Exception
Error: EPIPE: broken pipe, write
    at Socket._write (internal/net.js:58:25)
    at doWrite (_stream_writable.js:431:12)
    at writeOrBuffer (_stream_writable.js:415:5)
    at Socket.Writable.write (_stream_writable.js:305:11)
    at compare (C:\Users\ksred\Desktop\GMU\hapi\server-nodejs\lib\test.js:128:19)
    at testoutput (C:\Users\ksred\Desktop\GMU\hapi\server-nodejs\lib\test.js:149:12)
    at IncomingMessage.<anonymous> (C:\Users\ksred\Desktop\GMU\hapi\server-nodejs\lib\test.js:100:6)
    at IncomingMessage.emit (events.js:215:7)
    at endReadableNT (_stream_readable.js:1183:12)
    at processTicksAndRejections (internal/process/task_queues.js:80:21)
2020-09-02T04:07:58.961Z [server]  Uncaught Exception
Error: EPIPE: broken pipe, write
    at Socket._write (internal/net.js:58:25)
    at doWrite (_stream_writable.js:431:12)
    at writeOrBuffer (_stream_writable.js:415:5)
    at Socket.Writable.write (_stream_writable.js:305:11)
    at compare (C:\Users\ksred\Desktop\GMU\hapi\server-nodejs\lib\test.js:128:19)
    at testoutput (C:\Users\ksred\Desktop\GMU\hapi\server-nodejs\lib\test.js:149:12)
    at IncomingMessage.<anonymous> (C:\Users\ksred\Desktop\GMU\hapi\server-nodejs\lib\test.js:100:6)
    at IncomingMessage.emit (events.js:215:7)
    at endReadableNT (_stream_readable.js:1183:12)
    at processTicksAndRejections (internal/process/task_queues.js:80:21)
2020-09-02T17:40:16.854Z [server]  Uncaught Exception
Error: EPIPE: broken pipe, write
    at Socket._write (internal/net.js:58:25)
    at doWrite (_stream_writable.js:431:12)
    at writeOrBuffer (_stream_writable.js:415:5)
    at Socket.Writable.write (_stream_writable.js:305:11)
    at compare (C:\Users\ksred\Desktop\GMU\hapi\server-nodejs\lib\test.js:128:19)
    at testoutput (C:\Users\ksred\Desktop\GMU\hapi\server-nodejs\lib\test.js:149:12)
    at IncomingMessage.<anonymous> (C:\Users\ksred\Desktop\GMU\hapi\server-nodejs\lib\test.js:100:6)
    at IncomingMessage.emit (events.js:215:7)
    at endReadableNT (_stream_readable.js:1183:12)
    at processTicksAndRejections (internal/process/task_queues.js:80:21)
2020-09-02T17:40:16.865Z [server]  Uncaught Exception
Error: EPIPE: broken pipe, write
    at Socket._write (internal/net.js:58:25)
    at doWrite (_stream_writable.js:431:12)
    at writeOrBuffer (_stream_writable.js:415:5)
    at Socket.Writable.write (_stream_writable.js:305:11)
    at compare (C:\Users\ksred\Desktop\GMU\hapi\server-nodejs\lib\test.js:128:19)
    at testoutput (C:\Users\ksred\Desktop\GMU\hapi\server-nodejs\lib\test.js:149:12)
    at IncomingMessage.<anonymous> (C:\Users\ksred\Desktop\GMU\hapi\server-nodejs\lib\test.js:100:6)
    at IncomingMessage.emit (events.js:215:7)
    at endReadableNT (_stream_readable.js:1183:12)
    at processTicksAndRejections (internal/process/task_queues.js:80:21)
2020-09-02T17:42:43.932Z [server]  Uncaught Exception
Error: EPIPE: broken pipe, write
    at Socket._write (internal/net.js:58:25)
    at doWrite (_stream_writable.js:431:12)
    at writeOrBuffer (_stream_writable.js:415:5)
    at Socket.Writable.write (_stream_writable.js:305:11)
    at compare (C:\Users\ksred\Desktop\GMU\hapi\server-nodejs\lib\test.js:128:19)
    at testoutput (C:\Users\ksred\Desktop\GMU\hapi\server-nodejs\lib\test.js:149:12)
    at IncomingMessage.<anonymous> (C:\Users\ksred\Desktop\GMU\hapi\server-nodejs\lib\test.js:100:6)
    at IncomingMessage.emit (events.js:215:7)
    at endReadableNT (_stream_readable.js:1183:12)
    at processTicksAndRejections (internal/process/task_queues.js:80:21)
2020-09-02T17:42:43.963Z [server]  Uncaught Exception
Error: EPIPE: broken pipe, write
    at Socket._write (internal/net.js:58:25)
    at doWrite (_stream_writable.js:431:12)
    at writeOrBuffer (_stream_writable.js:415:5)
    at Socket.Writable.write (_stream_writable.js:305:11)
    at compare (C:\Users\ksred\Desktop\GMU\hapi\server-nodejs\lib\test.js:128:19)
    at testoutput (C:\Users\ksred\Desktop\GMU\hapi\server-nodejs\lib\test.js:149:12)
    at IncomingMessage.<anonymous> (C:\Users\ksred\Desktop\GMU\hapi\server-nodejs\lib\test.js:100:6)
    at IncomingMessage.emit (events.js:215:7)
    at endReadableNT (_stream_readable.js:1183:12)
    at processTicksAndRejections (internal/process/task_queues.js:80:21)
2020-09-02T20:09:24.915Z [server]  Uncaught Exception
Error: EPIPE: broken pipe, write
    at Socket._write (internal/net.js:58:25)
    at doWrite (_stream_writable.js:431:12)
    at writeOrBuffer (_stream_writable.js:415:5)
    at Socket.Writable.write (_stream_writable.js:305:11)
    at compare (C:\Users\ksred\Desktop\GMU\hapi\server-nodejs\lib\test.js:128:19)
    at testoutput (C:\Users\ksred\Desktop\GMU\hapi\server-nodejs\lib\test.js:149:12)
    at IncomingMessage.<anonymous> (C:\Users\ksred\Desktop\GMU\hapi\server-nodejs\lib\test.js:100:6)
    at IncomingMessage.emit (events.js:215:7)
    at endReadableNT (_stream_readable.js:1183:12)
    at processTicksAndRejections (internal/process/task_queues.js:80:21)
2020-09-02T20:09:24.918Z [server]  Uncaught Exception
Error: EPIPE: broken pipe, write
    at Socket._write (internal/net.js:58:25)
    at doWrite (_stream_writable.js:431:12)
    at writeOrBuffer (_stream_writable.js:415:5)
    at Socket.Writable.write (_stream_writable.js:305:11)
    at compare (C:\Users\ksred\Desktop\GMU\hapi\server-nodejs\lib\test.js:128:19)
    at testoutput (C:\Users\ksred\Desktop\GMU\hapi\server-nodejs\lib\test.js:149:12)
    at IncomingMessage.<anonymous> (C:\Users\ksred\Desktop\GMU\hapi\server-nodejs\lib\test.js:100:6)
    at IncomingMessage.emit (events.js:215:7)
    at endReadableNT (_stream_readable.js:1183:12)
    at processTicksAndRejections (internal/process/task_queues.js:80:21)