
2020-09-23T02:24:36.120Z [server]  Uncaught Exception
TypeError: Cannot read property 'id' of undefined
    at createcat (C:\Users\ksred\Desktop\test\server-nodejs-master\lib\metadata.js:297:25)
    at C:\Users\ksred\Desktop\test\server-nodejs-master\lib\metadata.js:284:5
    at C:\Users\ksred\Desktop\test\server-nodejs-master\lib\metadata.js:258:5
    at FSReqCallback.readFileAfterClose [as oncomplete] (internal/fs/read_file_context.js:61:3)
2020-09-23T02:24:38.201Z [server]  Uncaught Exception
TypeError: Cannot read property 'id' of undefined
    at createcat (C:\Users\ksred\Desktop\test\server-nodejs-master\lib\metadata.js:297:25)
    at C:\Users\ksred\Desktop\test\server-nodejs-master\lib\metadata.js:284:5
    at C:\Users\ksred\Desktop\test\server-nodejs-master\lib\metadata.js:258:5
    at FSReqCallback.readFileAfterClose [as oncomplete] (internal/fs/read_file_context.js:61:3)
2020-09-23T02:24:39.661Z [server]  Uncaught Exception
TypeError: Cannot read property 'id' of undefined
    at createcat (C:\Users\ksred\Desktop\test\server-nodejs-master\lib\metadata.js:297:25)
    at C:\Users\ksred\Desktop\test\server-nodejs-master\lib\metadata.js:284:5
    at C:\Users\ksred\Desktop\test\server-nodejs-master\lib\metadata.js:258:5
    at FSReqCallback.readFileAfterClose [as oncomplete] (internal/fs/read_file_context.js:61:3)
2020-09-23T02:24:41.086Z [server]  Uncaught Exception
TypeError: Cannot read property 'id' of undefined
    at createcat (C:\Users\ksred\Desktop\test\server-nodejs-master\lib\metadata.js:297:25)
    at C:\Users\ksred\Desktop\test\server-nodejs-master\lib\metadata.js:284:5
    at C:\Users\ksred\Desktop\test\server-nodejs-master\lib\metadata.js:258:5
    at FSReqCallback.readFileAfterClose [as oncomplete] (internal/fs/read_file_context.js:61:3)
2020-09-23T02:24:42.657Z [server]  Uncaught Exception
TypeError: Cannot read property 'id' of undefined
    at createcat (C:\Users\ksred\Desktop\test\server-nodejs-master\lib\metadata.js:297:25)
    at C:\Users\ksred\Desktop\test\server-nodejs-master\lib\metadata.js:284:5
    at C:\Users\ksred\Desktop\test\server-nodejs-master\lib\metadata.js:258:5
    at FSReqCallback.readFileAfterClose [as oncomplete] (internal/fs/read_file_context.js:61:3)
2020-09-23T02:24:44.238Z [server]  Uncaught Exception
TypeError: Cannot read property 'id' of undefined
    at createcat (C:\Users\ksred\Desktop\test\server-nodejs-master\lib\metadata.js:297:25)
    at C:\Users\ksred\Desktop\test\server-nodejs-master\lib\metadata.js:284:5
    at C:\Users\ksred\Desktop\test\server-nodejs-master\lib\metadata.js:258:5
    at FSReqCallback.readFileAfterClose [as oncomplete] (internal/fs/read_file_context.js:61:3)
2020-09-23T02:24:50.365Z [server]  Uncaught Exception
TypeError: Cannot read property 'id' of undefined
    at createcat (C:\Users\ksred\Desktop\test\server-nodejs-master\lib\metadata.js:297:25)
    at C:\Users\ksred\Desktop\test\server-nodejs-master\lib\metadata.js:284:5
    at C:\Users\ksred\Desktop\test\server-nodejs-master\lib\metadata.js:258:5
    at FSReqCallback.readFileAfterClose [as oncomplete] (internal/fs/read_file_context.js:61:3)
2020-09-23T02:24:51.942Z [server]  Uncaught Exception
TypeError: Cannot read property 'id' of undefined
    at createcat (C:\Users\ksred\Desktop\test\server-nodejs-master\lib\metadata.js:297:25)
    at C:\Users\ksred\Desktop\test\server-nodejs-master\lib\metadata.js:284:5
    at C:\Users\ksred\Desktop\test\server-nodejs-master\lib\metadata.js:258:5
    at FSReqCallback.readFileAfterClose [as oncomplete] (internal/fs/read_file_context.js:61:3)
2020-09-23T02:34:45.669Z [server]  Uncaught Exception
Error: EPIPE: broken pipe, write
    at Socket._write (internal/net.js:58:25)
    at doWrite (_stream_writable.js:431:12)
    at writeOrBuffer (_stream_writable.js:415:5)
    at Socket.Writable.write (_stream_writable.js:305:11)
    at Object.execSync (child_process.js:655:20)
    at getmetadata (C:\Users\ksred\Desktop\test\server-nodejs-master\lib\metadata.js:247:29)
    at updatemetadata (C:\Users\ksred\Desktop\test\server-nodejs-master\lib\metadata.js:299:3)
    at Timeout._onTimeout (C:\Users\ksred\Desktop\test\server-nodejs-master\lib\metadata.js:585:5)
    at listOnTimeout (internal/timers.js:531:17)
    at processTimers (internal/timers.js:475:7)
2020-09-23T02:34:45.703Z [server]  Uncaught Exception
Error: EPIPE: broken pipe, write
    at Socket._write (internal/net.js:58:25)
    at doWrite (_stream_writable.js:431:12)
    at writeOrBuffer (_stream_writable.js:415:5)
    at Socket.Writable.write (_stream_writable.js:305:11)
    at Object.execSync (child_process.js:655:20)
    at getmetadata (C:\Users\ksred\Desktop\test\server-nodejs-master\lib\metadata.js:247:29)
    at updatemetadata (C:\Users\ksred\Desktop\test\server-nodejs-master\lib\metadata.js:299:3)
    at Timeout._onTimeout (C:\Users\ksred\Desktop\test\server-nodejs-master\lib\metadata.js:585:5)
    at listOnTimeout (internal/timers.js:531:17)
    at processTimers (internal/timers.js:475:7)
2020-09-23T02:34:45.838Z [server]  Uncaught Exception
Error: EPIPE: broken pipe, write
    at Socket._write (internal/net.js:58:25)
    at doWrite (_stream_writable.js:431:12)
    at writeOrBuffer (_stream_writable.js:415:5)
    at Socket.Writable.write (_stream_writable.js:305:11)
    at Object.execSync (child_process.js:655:20)
    at getmetadata (C:\Users\ksred\Desktop\test\server-nodejs-master\lib\metadata.js:247:29)
    at updatemetadata (C:\Users\ksred\Desktop\test\server-nodejs-master\lib\metadata.js:299:3)
    at Timeout._onTimeout (C:\Users\ksred\Desktop\test\server-nodejs-master\lib\metadata.js:585:5)
    at listOnTimeout (internal/timers.js:531:17)
    at processTimers (internal/timers.js:475:7)
2020-09-23T02:34:45.846Z [server]  Uncaught Exception
Error: EPIPE: broken pipe, write
    at Socket._write (internal/net.js:58:25)
    at doWrite (_stream_writable.js:431:12)
    at writeOrBuffer (_stream_writable.js:415:5)
    at Socket.Writable.write (_stream_writable.js:305:11)
    at Object.execSync (child_process.js:655:20)
    at getmetadata (C:\Users\ksred\Desktop\test\server-nodejs-master\lib\metadata.js:247:29)
    at updatemetadata (C:\Users\ksred\Desktop\test\server-nodejs-master\lib\metadata.js:299:3)
    at Timeout._onTimeout (C:\Users\ksred\Desktop\test\server-nodejs-master\lib\metadata.js:585:5)
    at listOnTimeout (internal/timers.js:531:17)
    at processTimers (internal/timers.js:475:7)
2020-09-23T02:34:45.879Z [server]  Uncaught Exception
Error: EPIPE: broken pipe, write
    at Socket._write (internal/net.js:58:25)
    at doWrite (_stream_writable.js:431:12)
    at writeOrBuffer (_stream_writable.js:415:5)
    at Socket.Writable.write (_stream_writable.js:305:11)
    at Object.execSync (child_process.js:655:20)
    at getmetadata (C:\Users\ksred\Desktop\test\server-nodejs-master\lib\metadata.js:247:29)
    at updatemetadata (C:\Users\ksred\Desktop\test\server-nodejs-master\lib\metadata.js:299:3)
    at Timeout._onTimeout (C:\Users\ksred\Desktop\test\server-nodejs-master\lib\metadata.js:585:5)
    at listOnTimeout (internal/timers.js:531:17)
    at processTimers (internal/timers.js:475:7)
2020-09-23T02:34:46.232Z [server]  Uncaught Exception
Error: EPIPE: broken pipe, write
    at Socket._write (internal/net.js:58:25)
    at doWrite (_stream_writable.js:431:12)
    at writeOrBuffer (_stream_writable.js:415:5)
    at Socket.Writable.write (_stream_writable.js:305:11)
    at Object.execSync (child_process.js:655:20)
    at getmetadata (C:\Users\ksred\Desktop\test\server-nodejs-master\lib\metadata.js:247:29)
    at updatemetadata (C:\Users\ksred\Desktop\test\server-nodejs-master\lib\metadata.js:299:3)
    at Timeout._onTimeout (C:\Users\ksred\Desktop\test\server-nodejs-master\lib\metadata.js:585:5)
    at listOnTimeout (internal/timers.js:531:17)
    at processTimers (internal/timers.js:475:7)
2020-09-23T02:34:46.332Z [server]  Uncaught Exception
Error: EPIPE: broken pipe, write
    at Socket._write (internal/net.js:58:25)
    at doWrite (_stream_writable.js:431:12)
    at writeOrBuffer (_stream_writable.js:415:5)
    at Socket.Writable.write (_stream_writable.js:305:11)
    at Object.execSync (child_process.js:655:20)
    at getmetadata (C:\Users\ksred\Desktop\test\server-nodejs-master\lib\metadata.js:247:29)
    at updatemetadata (C:\Users\ksred\Desktop\test\server-nodejs-master\lib\metadata.js:299:3)
    at Timeout._onTimeout (C:\Users\ksred\Desktop\test\server-nodejs-master\lib\metadata.js:585:5)
    at listOnTimeout (internal/timers.js:531:17)
    at processTimers (internal/timers.js:475:7)
2020-09-23T02:34:46.393Z [server]  Uncaught Exception
Error: EPIPE: broken pipe, write
    at Socket._write (internal/net.js:58:25)
    at doWrite (_stream_writable.js:431:12)
    at writeOrBuffer (_stream_writable.js:415:5)
    at Socket.Writable.write (_stream_writable.js:305:11)
    at Object.execSync (child_process.js:655:20)
    at getmetadata (C:\Users\ksred\Desktop\test\server-nodejs-master\lib\metadata.js:247:29)
    at updatemetadata (C:\Users\ksred\Desktop\test\server-nodejs-master\lib\metadata.js:299:3)
    at Timeout._onTimeout (C:\Users\ksred\Desktop\test\server-nodejs-master\lib\metadata.js:585:5)
    at listOnTimeout (internal/timers.js:531:17)
    at processTimers (internal/timers.js:475:7)
2020-09-23T02:34:46.405Z [server]  Uncaught Exception
Error: EPIPE: broken pipe, write
    at Socket._write (internal/net.js:58:25)
    at doWrite (_stream_writable.js:431:12)
    at writeOrBuffer (_stream_writable.js:415:5)
    at Socket.Writable.write (_stream_writable.js:305:11)
    at Object.execSync (child_process.js:655:20)
    at getmetadata (C:\Users\ksred\Desktop\test\server-nodejs-master\lib\metadata.js:247:29)
    at updatemetadata (C:\Users\ksred\Desktop\test\server-nodejs-master\lib\metadata.js:299:3)
    at Timeout._onTimeout (C:\Users\ksred\Desktop\test\server-nodejs-master\lib\metadata.js:585:5)
    at listOnTimeout (internal/timers.js:531:17)
    at processTimers (internal/timers.js:475:7)
2020-09-23T02:34:47.337Z [server]  Uncaught Exception
Error: EPIPE: broken pipe, write
    at Socket._write (internal/net.js:58:25)
    at doWrite (_stream_writable.js:431:12)
    at writeOrBuffer (_stream_writable.js:415:5)
    at Socket.Writable.write (_stream_writable.js:305:11)
    at Object.execSync (child_process.js:655:20)
    at getmetadata (C:\Users\ksred\Desktop\test\server-nodejs-master\lib\metadata.js:247:29)
    at updatemetadata (C:\Users\ksred\Desktop\test\server-nodejs-master\lib\metadata.js:299:3)
    at Timeout._onTimeout (C:\Users\ksred\Desktop\test\server-nodejs-master\lib\metadata.js:585:5)
    at listOnTimeout (internal/timers.js:531:17)
    at processTimers (internal/timers.js:475:7)
2020-09-23T02:35:41.202Z [server]  Uncaught Exception
Error: EPIPE: broken pipe, write
    at Socket._write (internal/net.js:58:25)
    at doWrite (_stream_writable.js:431:12)
    at writeOrBuffer (_stream_writable.js:415:5)
    at Socket.Writable.write (_stream_writable.js:305:11)
    at Object.execSync (child_process.js:655:20)
    at getmetadata (C:\Users\ksred\Desktop\test\server-nodejs-master\lib\metadata.js:247:29)
    at updatemetadata (C:\Users\ksred\Desktop\test\server-nodejs-master\lib\metadata.js:299:3)
    at Timeout._onTimeout (C:\Users\ksred\Desktop\test\server-nodejs-master\lib\metadata.js:585:5)
    at listOnTimeout (internal/timers.js:531:17)
    at processTimers (internal/timers.js:475:7)
2020-09-23T02:35:42.350Z [server]  Uncaught Exception
Error: EPIPE: broken pipe, write
    at Socket._write (internal/net.js:58:25)
    at doWrite (_stream_writable.js:431:12)
    at writeOrBuffer (_stream_writable.js:415:5)
    at Socket.Writable.write (_stream_writable.js:305:11)
    at Object.execSync (child_process.js:655:20)
    at getmetadata (C:\Users\ksred\Desktop\test\server-nodejs-master\lib\metadata.js:247:29)
    at updatemetadata (C:\Users\ksred\Desktop\test\server-nodejs-master\lib\metadata.js:299:3)
    at Timeout._onTimeout (C:\Users\ksred\Desktop\test\server-nodejs-master\lib\metadata.js:585:5)
    at listOnTimeout (internal/timers.js:531:17)
    at processTimers (internal/timers.js:475:7)
2020-09-23T02:37:06.933Z [server]  Uncaught Exception
Error: EPIPE: broken pipe, write
    at Socket._write (internal/net.js:58:25)
    at doWrite (_stream_writable.js:431:12)
    at writeOrBuffer (_stream_writable.js:415:5)
    at Socket.Writable.write (_stream_writable.js:305:11)
    at Object.execSync (child_process.js:655:20)
    at getmetadata (C:\Users\ksred\Desktop\test\server-nodejs-master\lib\metadata.js:247:29)
    at updatemetadata (C:\Users\ksred\Desktop\test\server-nodejs-master\lib\metadata.js:299:3)
    at Timeout._onTimeout (C:\Users\ksred\Desktop\test\server-nodejs-master\lib\metadata.js:585:5)
    at listOnTimeout (internal/timers.js:531:17)
    at processTimers (internal/timers.js:475:7)