
2020-09-03T17:35:00.797Z [server]  Uncaught Exception
Error: EPIPE: broken pipe, write
    at Socket._write (internal/net.js:58:25)
    at doWrite (_stream_writable.js:431:12)
    at writeOrBuffer (_stream_writable.js:415:5)
    at Socket.Writable.write (_stream_writable.js:305:11)
    at compare (C:\Users\ksred\Desktop\test\server-nodejs-master\lib\test.js:125:19)
    at testoutput (C:\Users\ksred\Desktop\test\server-nodejs-master\lib\test.js:146:12)
    at IncomingMessage.<anonymous> (C:\Users\ksred\Desktop\test\server-nodejs-master\lib\test.js:97:6)
    at IncomingMessage.emit (events.js:215:7)
    at endReadableNT (_stream_readable.js:1183:12)
    at processTicksAndRejections (internal/process/task_queues.js:80:21)
2020-09-03T17:35:00.821Z [server]  Uncaught Exception
Error: EPIPE: broken pipe, write
    at Socket._write (internal/net.js:58:25)
    at doWrite (_stream_writable.js:431:12)
    at writeOrBuffer (_stream_writable.js:415:5)
    at Socket.Writable.write (_stream_writable.js:305:11)
    at compare (C:\Users\ksred\Desktop\test\server-nodejs-master\lib\test.js:125:19)
    at testoutput (C:\Users\ksred\Desktop\test\server-nodejs-master\lib\test.js:146:12)
    at IncomingMessage.<anonymous> (C:\Users\ksred\Desktop\test\server-nodejs-master\lib\test.js:97:6)
    at IncomingMessage.emit (events.js:215:7)
    at endReadableNT (_stream_readable.js:1183:12)
    at processTicksAndRejections (internal/process/task_queues.js:80:21)